{
  "RSpec": {
    "coverage": {
      "/home/erikpeteri/webpalvelinohjelmointi2023/ratebeer/app/helpers/application_helper.rb": {
        "lines": [
          1,
          null
        ]
      },
      "/home/erikpeteri/webpalvelinohjelmointi2023/ratebeer/app/helpers/beer_clubs_helper.rb": {
        "lines": [
          1,
          null
        ]
      },
      "/home/erikpeteri/webpalvelinohjelmointi2023/ratebeer/app/helpers/beers_helper.rb": {
        "lines": [
          1,
          null
        ]
      },
      "/home/erikpeteri/webpalvelinohjelmointi2023/ratebeer/app/helpers/breweries_helper.rb": {
        "lines": [
          1,
          null
        ]
      },
      "/home/erikpeteri/webpalvelinohjelmointi2023/ratebeer/app/helpers/memberships_helper.rb": {
        "lines": [
          1,
          null
        ]
      },
      "/home/erikpeteri/webpalvelinohjelmointi2023/ratebeer/app/helpers/users_helper.rb": {
        "lines": [
          1,
          null
        ]
      },
      "/home/erikpeteri/webpalvelinohjelmointi2023/ratebeer/app/models/beer.rb": {
        "lines": [
          1,
          1,
          null,
          1,
          1,
          1,
          null,
          1,
          1,
          null,
          1,
          0,
          null,
          0,
          null,
          null,
          1,
          2,
          null,
          null
        ]
      },
      "/home/erikpeteri/webpalvelinohjelmointi2023/ratebeer/app/models/application_record.rb": {
        "lines": [
          1,
          1,
          null
        ]
      },
      "/home/erikpeteri/webpalvelinohjelmointi2023/ratebeer/app/models/concerns/rating_average.rb": {
        "lines": [
          1,
          1,
          null,
          1,
          16,
          10,
          null,
          6,
          6,
          null,
          null,
          null
        ]
      },
      "/home/erikpeteri/webpalvelinohjelmointi2023/ratebeer/app/models/user.rb": {
        "lines": [
          1,
          1,
          null,
          1,
          null,
          1,
          null,
          null,
          null,
          null,
          1,
          null,
          1,
          null,
          null,
          1,
          1,
          1,
          1,
          null,
          1,
          0,
          null,
          null,
          1,
          3,
          null,
          2,
          null,
          null,
          1,
          17,
          null,
          25,
          null,
          null,
          1,
          22,
          null,
          null,
          1,
          21,
          null,
          42,
          null,
          null
        ]
      },
      "/home/erikpeteri/webpalvelinohjelmointi2023/ratebeer/app/models/brewery.rb": {
        "lines": [
          1,
          1,
          null,
          1,
          1,
          null,
          1,
          1,
          null,
          42,
          null,
          null,
          null,
          1,
          0,
          0,
          0,
          null,
          null,
          1,
          0,
          0,
          null,
          null
        ]
      },
      "/home/erikpeteri/webpalvelinohjelmointi2023/ratebeer/app/controllers/sessions_controller.rb": {
        "lines": [
          1,
          1,
          null,
          null,
          null,
          1,
          11,
          null,
          11,
          8,
          8,
          null,
          3,
          null,
          null,
          null,
          1,
          null,
          0,
          null,
          0,
          null,
          null
        ]
      },
      "/home/erikpeteri/webpalvelinohjelmointi2023/ratebeer/app/controllers/application_controller.rb": {
        "lines": [
          1,
          1,
          null,
          1,
          101,
          null,
          81,
          81,
          null,
          0,
          null,
          null,
          null
        ]
      },
      "/home/erikpeteri/webpalvelinohjelmointi2023/ratebeer/app/controllers/beers_controller.rb": {
        "lines": [
          1,
          1,
          1,
          null,
          null,
          1,
          1,
          null,
          null,
          null,
          1,
          null,
          null,
          1,
          4,
          4,
          null,
          null,
          null,
          1,
          2,
          null,
          null,
          null,
          1,
          null,
          null,
          null,
          1,
          2,
          null,
          2,
          2,
          2,
          1,
          null,
          1,
          1,
          2,
          1,
          null,
          null,
          null,
          null,
          null,
          1,
          0,
          0,
          0,
          0,
          null,
          0,
          0,
          null,
          null,
          null,
          null,
          null,
          1,
          0,
          null,
          0,
          0,
          0,
          null,
          null,
          null,
          1,
          null,
          null,
          1,
          0,
          null,
          null,
          null,
          1,
          2,
          null,
          null
        ]
      },
      "/home/erikpeteri/webpalvelinohjelmointi2023/ratebeer/app/controllers/breweries_controller.rb": {
        "lines": [
          1,
          1,
          1,
          null,
          null,
          1,
          3,
          null,
          null,
          null,
          1,
          null,
          null,
          null,
          1,
          0,
          null,
          null,
          null,
          1,
          null,
          null,
          null,
          1,
          0,
          null,
          0,
          0,
          0,
          0,
          null,
          0,
          0,
          null,
          null,
          null,
          null,
          null,
          1,
          0,
          0,
          0,
          0,
          null,
          0,
          0,
          null,
          null,
          null,
          null,
          null,
          1,
          0,
          null,
          0,
          0,
          0,
          null,
          null,
          null,
          1,
          null,
          null,
          1,
          1,
          null,
          null,
          null,
          1,
          0,
          null,
          null,
          1,
          0,
          null,
          0,
          0,
          null,
          0,
          null,
          null,
          null
        ]
      },
      "/home/erikpeteri/webpalvelinohjelmointi2023/ratebeer/app/models/rating.rb": {
        "lines": [
          1,
          1,
          1,
          null,
          1,
          null,
          null,
          null,
          1,
          7,
          null,
          null
        ]
      },
      "/home/erikpeteri/webpalvelinohjelmointi2023/ratebeer/app/controllers/users_controller.rb": {
        "lines": [
          1,
          1,
          null,
          null,
          1,
          0,
          null,
          null,
          null,
          1,
          null,
          null,
          null,
          1,
          1,
          null,
          null,
          null,
          1,
          null,
          null,
          null,
          1,
          1,
          null,
          1,
          1,
          2,
          1,
          null,
          0,
          0,
          null,
          null,
          null,
          null,
          null,
          1,
          0,
          0,
          0,
          0,
          null,
          0,
          0,
          null,
          null,
          null,
          null,
          null,
          1,
          0,
          null,
          0,
          null,
          0,
          0,
          0,
          null,
          null,
          null,
          1,
          null,
          null,
          1,
          14,
          null,
          null,
          null,
          1,
          1,
          null,
          null
        ]
      },
      "/home/erikpeteri/webpalvelinohjelmointi2023/ratebeer/app/models/membership.rb": {
        "lines": [
          1,
          1,
          1,
          null
        ]
      },
      "/home/erikpeteri/webpalvelinohjelmointi2023/ratebeer/app/models/beer_club.rb": {
        "lines": [
          1,
          1,
          1,
          null
        ]
      },
      "/home/erikpeteri/webpalvelinohjelmointi2023/ratebeer/app/controllers/ratings_controller.rb": {
        "lines": [
          1,
          1,
          1,
          null,
          null,
          1,
          1,
          1,
          null,
          null,
          1,
          1,
          1,
          null,
          1,
          1,
          null,
          0,
          0,
          null,
          null,
          null,
          1,
          1,
          1,
          1,
          null,
          null,
          null,
          null,
          null,
          null
        ]
      },
      "/home/erikpeteri/webpalvelinohjelmointi2023/ratebeer/app/channels/application_cable/channel.rb": {
        "lines": [
          0,
          0,
          0,
          0
        ],
        "branches": {
        }
      },
      "/home/erikpeteri/webpalvelinohjelmointi2023/ratebeer/app/channels/application_cable/connection.rb": {
        "lines": [
          0,
          0,
          0,
          0
        ],
        "branches": {
        }
      },
      "/home/erikpeteri/webpalvelinohjelmointi2023/ratebeer/app/controllers/beer_clubs_controller.rb": {
        "lines": [
          0,
          0,
          null,
          null,
          0,
          0,
          0,
          null,
          null,
          0,
          0,
          null,
          null,
          0,
          0,
          0,
          null,
          null,
          0,
          0,
          null,
          null,
          0,
          0,
          null,
          0,
          0,
          0,
          0,
          0,
          0,
          0,
          0,
          0,
          0,
          null,
          null,
          0,
          0,
          0,
          0,
          0,
          0,
          0,
          0,
          0,
          0,
          0,
          null,
          null,
          0,
          0,
          null,
          0,
          0,
          0,
          0,
          0,
          null,
          0,
          null,
          null,
          0,
          0,
          0,
          null,
          null,
          0,
          0,
          0,
          0
        ],
        "branches": {
        }
      },
      "/home/erikpeteri/webpalvelinohjelmointi2023/ratebeer/app/controllers/memberships_controller.rb": {
        "lines": [
          0,
          0,
          null,
          null,
          0,
          0,
          0,
          null,
          null,
          0,
          0,
          null,
          null,
          0,
          0,
          0,
          null,
          null,
          0,
          0,
          null,
          null,
          0,
          0,
          0,
          null,
          0,
          0,
          0,
          0,
          0,
          0,
          0,
          0,
          0,
          0,
          null,
          null,
          0,
          0,
          0,
          0,
          0,
          0,
          0,
          0,
          0,
          0,
          0,
          null,
          null,
          0,
          0,
          null,
          0,
          0,
          0,
          0,
          0,
          null,
          0,
          null,
          null,
          0,
          0,
          0,
          null,
          null,
          0,
          0,
          0,
          0
        ],
        "branches": {
        }
      },
      "/home/erikpeteri/webpalvelinohjelmointi2023/ratebeer/app/jobs/application_job.rb": {
        "lines": [
          0,
          null,
          null,
          null,
          null,
          null,
          0
        ],
        "branches": {
        }
      },
      "/home/erikpeteri/webpalvelinohjelmointi2023/ratebeer/app/mailers/application_mailer.rb": {
        "lines": [
          0,
          0,
          0,
          0
        ],
        "branches": {
        }
      }
    },
    "timestamp": 1688105461
  }
}
